<?xml version="1.0" encoding="UTF-8" ?>
<testsuite tests="3" failures="0" name="net.eisele.security.util.SecurityStoreTest" time="0.265" errors="0" skipped="0">
  <properties>
    <property name="java.vendor" value="Oracle Corporation"/>
    <property name="env.SYSTEMROOT" value="C:\WINDOWS"/>
    <property name="localRepository" value="C:\Users\geoff.hayward\.m2\repository"/>
    <property name="env.USERDOMAIN_ROAMINGPROFILE" value="RESTART"/>
    <property name="sun.java.launcher" value="SUN_STANDARD"/>
    <property name="env.WIX" value="C:\Program Files (x86)\WiX Toolset v3.9\"/>
    <property name="sun.management.compiler" value="HotSpot Client Compiler"/>
    <property name="env.PROMPT" value="$P$G"/>
    <property name="os.name" value="Windows 8.1"/>
    <property name="env.FP_NO_HOST_CHECK" value="NO"/>
    <property name="sun.boot.class.path" value="C:\Program Files (x86)\Java\jdk1.8.0_05\jre\lib\resources.jar;C:\Program Files (x86)\Java\jdk1.8.0_05\jre\lib\rt.jar;C:\Program Files (x86)\Java\jdk1.8.0_05\jre\lib\sunrsasign.jar;C:\Program Files (x86)\Java\jdk1.8.0_05\jre\lib\jsse.jar;C:\Program Files (x86)\Java\jdk1.8.0_05\jre\lib\jce.jar;C:\Program Files (x86)\Java\jdk1.8.0_05\jre\lib\charsets.jar;C:\Program Files (x86)\Java\jdk1.8.0_05\jre\lib\jfr.jar;C:\Program Files (x86)\Java\jdk1.8.0_05\jre\classes"/>
    <property name="env.COMPUTERNAME" value="GEOFF-PC"/>
    <property name="env.ALLUSERSPROFILE" value="C:\ProgramData"/>
    <property name="sun.desktop" value="windows"/>
    <property name="java.vm.specification.vendor" value="Oracle Corporation"/>
    <property name="env.VIPER_HOME" value="C:\\Users\\geoff.hayward\\Documents\\Projects\\viper-master-3"/>
    <property name="java.runtime.version" value="1.8.0_05-b13"/>
    <property name="env.HOMEPATH" value="\Users\geoff.hayward"/>
    <property name="user.name" value="geoff.hayward"/>
    <property name="maven.build.version" value="Apache Maven 3.0.5 (r01de14724cdef164cd33c7c8c2fe155faf9602da; 2013-02-19 13:51:28+0000)"/>
    <property name="env.PATH" value="C:\WINDOWS\system32;C:\WINDOWS;C:\WINDOWS\system32\wbem;C:\ProgramData\Oracle\Java\javapath;C:\WINDOWS\System32\WindowsPowerShell\v1.0;C:\Program Files\Java\jre1.8.0_25\bin;C:\Program Files\MongoDB\bin;C:\PROGRAM FILES\OPENOFFICE.ORG 3\URE\BIN; C:\PROGRAM FILES (X86)\OPENOFFICE.ORG 3\URE\BIN;C:\Program Files\phantomjs-1.9.7;C:\Program Files\nodejs;C:\MinGW\bin;C:\Program Files\Apache Software\apache-maven\bin;C:\cygwin64\bin;C:\tools\apache-cxf-3.1.0\bin;C:\Program Files (x86)\MySQL\MySQL Utilities\;C:\Program Files (x86)\MySQL\MySQL Utilities\Doctrine extensions for PHP\;C:\Program Files\MySQL\MySQL Server 5.6\bin;C:\WINDOWS\System32\Wbem;C:\WINDOWS\System32\WindowsPowerShell\v1.0\;C:\Program Files (x86)\Skype\Phone\;C:\Program Files\nodejs\;C:\software\ruby\Ruby193\bin;C:\Users\geoff.hayward\bin\Sencha\Cmd\5.1.3.61;C:\Users\geoff.hayward\AppData\Roaming\npm;C:\Program Files\Java\jdk1.8.0_60\bin"/>
    <property name="user.language" value="en"/>
    <property name="env.WINDIR" value="C:\WINDOWS"/>
    <property name="sun.boot.library.path" value="C:\Program Files (x86)\Java\jdk1.8.0_05\jre\bin"/>
    <property name="classworlds.conf" value="C:\Program Files\NetBeans 8.0.2\java\maven\bin\m2.conf"/>
    <property name="java.version" value="1.8.0_05"/>
    <property name="env.PROCESSOR_IDENTIFIER" value="Intel64 Family 6 Model 60 Stepping 3, GenuineIntel"/>
    <property name="user.timezone" value="Europe/London"/>
    <property name="env.TEMP" value="C:\Users\GEOFF~1.HA~\AppData\Local\Temp"/>
    <property name="sun.arch.data.model" value="32"/>
    <property name="java.endorsed.dirs" value="C:\Program Files (x86)\Java\jdk1.8.0_05\jre\lib\endorsed"/>
    <property name="env.PROCESSOR_ARCHITEW6432" value="AMD64"/>
    <property name="sun.cpu.isalist" value="pentium_pro+mmx pentium_pro pentium+mmx pentium i486 i386 i86"/>
    <property name="env.HOMEDRIVE" value="C:"/>
    <property name="sun.jnu.encoding" value="Cp1252"/>
    <property name="file.encoding.pkg" value="sun.io"/>
    <property name="env.SYSTEMDRIVE" value="C:"/>
    <property name="file.separator" value="\"/>
    <property name="java.specification.name" value="Java Platform API Specification"/>
    <property name="java.class.version" value="52.0"/>
    <property name="user.country" value="GB"/>
    <property name="java.home" value="C:\Program Files (x86)\Java\jdk1.8.0_05\jre"/>
    <property name="env.APPDATA" value="C:\Users\geoff.hayward\AppData\Roaming"/>
    <property name="env.PUBLIC" value="C:\Users\Public"/>
    <property name="java.vm.info" value="mixed mode"/>
    <property name="env.CATALINA_HOME" value="C:\Program Files\Apache Software\apache-tomcat"/>
    <property name="env.OS" value="Windows_NT"/>
    <property name="os.version" value="6.3"/>
    <property name="env.=::" value="::\"/>
    <property name="path.separator" value=";"/>
    <property name="java.vm.version" value="25.5-b02"/>
    <property name="user" value="root"/>
    <property name="env.USERPROFILE" value="C:\Users\geoff.hayward"/>
    <property name="user.variant" value=""/>
    <property name="maven.ext.class.path" value="C:\Program Files\NetBeans 8.0.2\java\maven-nblib\netbeans-eventspy.jar"/>
    <property name="env.JAVA_HOME" value="C:\Program Files (x86)\Java\jdk1.8.0_05"/>
    <property name="java.awt.printerjob" value="sun.awt.windows.WPrinterJob"/>
    <property name="env.TMP" value="C:\Users\GEOFF~1.HA~\AppData\Local\Temp"/>
    <property name="env.FPS_BROWSER_USER_PROFILE_STRING" value="Default"/>
    <property name="env.PROGRAMFILES" value="C:\Program Files (x86)"/>
    <property name="sun.io.unicode.encoding" value="UnicodeLittle"/>
    <property name="awt.toolkit" value="sun.awt.windows.WToolkit"/>
    <property name="user.script" value=""/>
    <property name="user.home" value="C:\Users\geoff.hayward"/>
    <property name="env.NB_EXEC_MAVEN_PROCESS_UUID" value="4a0458d3-2253-4c8d-b407-b2b6fc9ca410"/>
    <property name="env.COMMONPROGRAMFILES" value="C:\Program Files (x86)\Common Files"/>
    <property name="env.SESSIONNAME" value="Console"/>
    <property name="java.specification.vendor" value="Oracle Corporation"/>
    <property name="env.M2_HOME" value="C:\Program Files\NetBeans 8.0.2\java\maven"/>
    <property name="java.vendor.url" value="http://java.oracle.com/"/>
    <property name="env.NUMBER_OF_PROCESSORS" value="8"/>
    <property name="java.library.path" value="C:\Program Files (x86)\Java\jdk1.8.0_05\bin;C:\WINDOWS\Sun\Java\bin;C:\WINDOWS\system32;C:\WINDOWS;C:\WINDOWS\system32;C:\WINDOWS;C:\WINDOWS\system32\wbem;C:\ProgramData\Oracle\Java\javapath;C:\WINDOWS\System32\WindowsPowerShell\v1.0;C:\Program Files\Java\jre1.8.0_25\bin;C:\Program Files\MongoDB\bin;C:\PROGRAM FILES\OPENOFFICE.ORG 3\URE\BIN; C:\PROGRAM FILES (X86)\OPENOFFICE.ORG 3\URE\BIN;C:\Program Files\phantomjs-1.9.7;C:\Program Files\nodejs;C:\MinGW\bin;C:\Program Files\Apache Software\apache-maven\bin;C:\cygwin64\bin;C:\tools\apache-cxf-3.1.0\bin;C:\Program Files (x86)\MySQL\MySQL Utilities\;C:\Program Files (x86)\MySQL\MySQL Utilities\Doctrine extensions for PHP\;C:\Program Files\MySQL\MySQL Server 5.6\bin;C:\WINDOWS\System32\Wbem;C:\WINDOWS\System32\WindowsPowerShell\v1.0\;C:\Program Files (x86)\Skype\Phone\;C:\Program Files\nodejs\;C:\software\ruby\Ruby193\bin;C:\Users\geoff.hayward\bin\Sencha\Cmd\5.1.3.61;C:\Users\geoff.hayward\AppData\Roaming\npm;C:\Program Files\Java\jdk1.8.0_60\bin;."/>
    <property name="env.CLASSWORLDS_LAUNCHER" value="org.codehaus.plexus.classworlds.launcher.Launcher"/>
    <property name="env.PSMODULEPATH" value="C:\WINDOWS\system32\WindowsPowerShell\v1.0\Modules\"/>
    <property name="env.USERDNSDOMAIN" value="RESTART.INTERNAL"/>
    <property name="env.COMMONPROGRAMFILES(X86)" value="C:\Program Files (x86)\Common Files"/>
    <property name="env.MAVEN_CMD_LINE_ARGS" value="-Dmaven.ext.class.path=&quot;C:\Program Files\NetBeans 8.0.2\java\maven-nblib\netbeans-eventspy.jar&quot; -Dfile.encoding=UTF-8 clean install"/>
    <property name="java.vm.vendor" value="Oracle Corporation"/>
    <property name="java.runtime.name" value="Java(TM) SE Runtime Environment"/>
    <property name="maven.home" value="C:\Program Files\NetBeans 8.0.2\java\maven"/>
    <property name="java.class.path" value="C:\Program Files\NetBeans 8.0.2\java\maven\boot\plexus-classworlds-2.4.jar"/>
    <property name="sun.java.command" value="org.codehaus.plexus.classworlds.launcher.Launcher -Dmaven.ext.class.path=C:\Program Files\NetBeans 8.0.2\java\maven-nblib\netbeans-eventspy.jar -Dfile.encoding=UTF-8 clean install"/>
    <property name="env.PROGRAMW6432" value="C:\Program Files"/>
    <property name="maven.version" value="3.0.5"/>
    <property name="env.MAVEN_JAVA_EXE" value="&quot;C:\Program Files (x86)\Java\jdk1.8.0_05\bin\java.exe&quot;"/>
    <property name="env.PROGRAMFILES(X86)" value="C:\Program Files (x86)"/>
    <property name="java.vm.specification.name" value="Java Virtual Machine Specification"/>
    <property name="env.LOGONSERVER" value="\\RESTART-DC-01"/>
    <property name="java.vm.specification.version" value="1.8"/>
    <property name="env.PROCESSOR_ARCHITECTURE" value="x86"/>
    <property name="env.COMMONPROGRAMW6432" value="C:\Program Files\Common Files"/>
    <property name="sun.os.patch.level" value=""/>
    <property name="sun.cpu.endian" value="little"/>
    <property name="env.HOME" value="C:\Users\geoff.hayward"/>
    <property name="surefire.test.class.path" value="C:\Users\geoff.hayward\Documents\Projects\glassfish-jdbc-realm-enhanced\glassfish-realm\target\test-classes;C:\Users\geoff.hayward\Documents\Projects\glassfish-jdbc-realm-enhanced\glassfish-realm\target\classes;C:\Users\geoff.hayward\.m2\repository\junit\junit\4.10\junit-4.10.jar;C:\Users\geoff.hayward\.m2\repository\org\hamcrest\hamcrest-core\1.1\hamcrest-core-1.1.jar;C:\Users\geoff.hayward\.m2\repository\org\glassfish\main\common\glassfish-ee-api\4.1\glassfish-ee-api-4.1.jar;C:\Users\geoff.hayward\.m2\repository\org\glassfish\hk2\core\2.3.0\core-2.3.0.jar;C:\Users\geoff.hayward\.m2\repository\org\glassfish\hk2\hk2-locator\2.3.0\hk2-locator-2.3.0.jar;C:\Users\geoff.hayward\.m2\repository\org\glassfish\hk2\external\javax.inject\2.3.0\javax.inject-2.3.0.jar;C:\Users\geoff.hayward\.m2\repository\org\glassfish\hk2\external\aopalliance-repackaged\2.3.0\aopalliance-repackaged-2.3.0.jar;C:\Users\geoff.hayward\.m2\repository\org\glassfish\hk2\hk2-api\2.3.0\hk2-api-2.3.0.jar;C:\Users\geoff.hayward\.m2\repository\org\javassist\javassist\3.18.1-GA\javassist-3.18.1-GA.jar;C:\Users\geoff.hayward\.m2\repository\org\glassfish\hk2\hk2-utils\2.3.0\hk2-utils-2.3.0.jar;C:\Users\geoff.hayward\.m2\repository\javax\inject\javax.inject\1\javax.inject-1.jar;C:\Users\geoff.hayward\.m2\repository\javax\servlet\javax.servlet-api\3.1.0\javax.servlet-api-3.1.0.jar;C:\Users\geoff.hayward\.m2\repository\org\glassfish\main\common\glassfish-api\4.1\glassfish-api-4.1.jar;C:\Users\geoff.hayward\.m2\repository\org\glassfish\main\common\scattered-archive-api\4.1\scattered-archive-api-4.1.jar;C:\Users\geoff.hayward\.m2\repository\org\glassfish\hk2\hk2\2.3.0\hk2-2.3.0.jar;C:\Users\geoff.hayward\.m2\repository\org\glassfish\hk2\config-types\2.3.0\config-types-2.3.0.jar;C:\Users\geoff.hayward\.m2\repository\org\glassfish\hk2\hk2-config\2.3.0\hk2-config-2.3.0.jar;C:\Users\geoff.hayward\.m2\repository\org\jvnet\tiger-types\1.4\tiger-types-1.4.jar;C:\Users\geoff.hayward\.m2\repository\org\glassfish\hk2\external\bean-validator\2.3.0\bean-validator-2.3.0.jar;C:\Users\geoff.hayward\.m2\repository\org\glassfish\hk2\hk2-runlevel\2.3.0\hk2-runlevel-2.3.0.jar;C:\Users\geoff.hayward\.m2\repository\org\glassfish\hk2\class-model\2.3.0\class-model-2.3.0.jar;C:\Users\geoff.hayward\.m2\repository\org\glassfish\hk2\external\asm-all-repackaged\2.3.0\asm-all-repackaged-2.3.0.jar;C:\Users\geoff.hayward\.m2\repository\org\glassfish\main\grizzly\nucleus-grizzly-all\4.1\nucleus-grizzly-all-4.1.jar;C:\Users\geoff.hayward\.m2\repository\org\glassfish\grizzly\grizzly-framework\2.3.15-gfa\grizzly-framework-2.3.15-gfa.jar;C:\Users\geoff.hayward\.m2\repository\org\glassfish\grizzly\grizzly-portunif\2.3.15-gfa\grizzly-portunif-2.3.15-gfa.jar;C:\Users\geoff.hayward\.m2\repository\org\glassfish\grizzly\grizzly-http\2.3.15-gfa\grizzly-http-2.3.15-gfa.jar;C:\Users\geoff.hayward\.m2\repository\org\glassfish\grizzly\grizzly-http-server\2.3.15-gfa\grizzly-http-server-2.3.15-gfa.jar;C:\Users\geoff.hayward\.m2\repository\org\glassfish\main\grizzly\grizzly-config\4.1\grizzly-config-4.1.jar;C:\Users\geoff.hayward\.m2\repository\org\glassfish\external\management-api\3.2.1-b002\management-api-3.2.1-b002.jar;C:\Users\geoff.hayward\.m2\repository\org\glassfish\main\common\common-util\4.1\common-util-4.1.jar;C:\Users\geoff.hayward\.m2\repository\org\glassfish\main\security\security\4.1\security-4.1.jar;C:\Users\geoff.hayward\.m2\repository\org\glassfish\main\admin\config-api\4.1\config-api-4.1.jar;C:\Users\geoff.hayward\.m2\repository\org\glassfish\main\security\ssl-impl\4.1\ssl-impl-4.1.jar;C:\Users\geoff.hayward\.m2\repository\org\glassfish\main\deployment\deployment-common\4.1\deployment-common-4.1.jar;C:\Users\geoff.hayward\.m2\repository\org\glassfish\external\asm-all\3.3\asm-all-3.3.jar;C:\Users\geoff.hayward\.m2\repository\org\glassfish\main\common\internal-api\4.1\internal-api-4.1.jar;C:\Users\geoff.hayward\.m2\repository\org\glassfish\main\external\ldapbp-repackaged\4.1\ldapbp-repackaged-4.1.jar;C:\Users\geoff.hayward\.m2\repository\org\glassfish\gmbal\gmbal\4.0.0-b001\gmbal-4.0.0-b001.jar;C:\Users\geoff.hayward\.m2\repository\org\glassfish\pfl\pfl-basic\4.0.0-b003\pfl-basic-4.0.0-b003.jar;C:\Users\geoff.hayward\.m2\repository\org\glassfish\pfl\pfl-tf\4.0.0-b003\pfl-tf-4.0.0-b003.jar;C:\Users\geoff.hayward\.m2\repository\org\glassfish\pfl\pfl-asm\4.0.0-b003\pfl-asm-4.0.0-b003.jar;C:\Users\geoff.hayward\.m2\repository\org\glassfish\pfl\pfl-dynamic\4.0.0-b003\pfl-dynamic-4.0.0-b003.jar;C:\Users\geoff.hayward\.m2\repository\org\glassfish\pfl\pfl-basic-tools\4.0.0-b003\pfl-basic-tools-4.0.0-b003.jar;C:\Users\geoff.hayward\.m2\repository\org\glassfish\pfl\pfl-tf-tools\4.0.0-b003\pfl-tf-tools-4.0.0-b003.jar;C:\Program Files (x86)\Java\jdk1.8.0_05\jre\..\lib\tools.jar;C:\Users\geoff.hayward\.m2\repository\mysql\mysql-connector-java\5.1.18\mysql-connector-java-5.1.18.jar;"/>
    <property name="java.io.tmpdir" value="C:\Users\GEOFF~1.HA~\AppData\Local\Temp\"/>
    <property name="env.PROCESSOR_REVISION" value="3c03"/>
    <property name="java.vendor.url.bug" value="http://bugreport.sun.com/bugreport/"/>
    <property name="env.COMSPEC" value="C:\WINDOWS\system32\cmd.exe"/>
    <property name="env.PROGRAMDATA" value="C:\ProgramData"/>
    <property name="env.FPS_BROWSER_APP_PROFILE_STRING" value="Internet Explorer"/>
    <property name="java.awt.graphicsenv" value="sun.awt.Win32GraphicsEnvironment"/>
    <property name="os.arch" value="x86"/>
    <property name="java.ext.dirs" value="C:\Program Files (x86)\Java\jdk1.8.0_05\jre\lib\ext;C:\WINDOWS\Sun\Java\lib\ext"/>
    <property name="user.dir" value="C:\Users\geoff.hayward\Documents\Projects\glassfish-jdbc-realm-enhanced\glassfish-realm"/>
    <property name="env.LOCALAPPDATA" value="C:\Users\geoff.hayward\AppData\Local"/>
    <property name="password" value="root"/>
    <property name="line.separator" value="
"/>
    <property name="java.vm.name" value="Java HotSpot(TM) Client VM"/>
    <property name="env.CLASSWORLDS_JAR" value="&quot;C:\Program Files\NetBeans 8.0.2\java\maven\boot\plexus-classworlds-2.4.jar&quot;"/>
    <property name="env.PATHEXT" value=".COM;.EXE;.BAT;.CMD;.VBS;.VBE;.JS;.JSE;.WSF;.WSH;.MSC"/>
    <property name="basedir" value="C:\Users\geoff.hayward\Documents\Projects\glassfish-jdbc-realm-enhanced\glassfish-realm"/>
    <property name="env.ERROR_CODE" value="0"/>
    <property name="env.USERNAME" value="geoff.hayward"/>
    <property name="env.ESET_OPTIONS" value="                                                                                                                                                                                                                                                                                                                                                                                                                                                                                                                               "/>
    <property name="file.encoding" value="UTF-8"/>
    <property name="env.USERDOMAIN" value="RESTART"/>
    <property name="java.specification.version" value="1.8"/>
    <property name="env.=C:" value="C:\Users\geoff.hayward\Documents\Projects\glassfish-jdbc-realm-enhanced\glassfish-realm"/>
    <property name="env.VBOX_MSI_INSTALL_PATH" value="C:\Program Files\Oracle\VirtualBox\"/>
    <property name="env.PROCESSOR_LEVEL" value="6"/>
  </properties>
  <testcase classname="net.eisele.security.util.SecurityStoreTest" name="validateUser" time="0"/>
  <testcase classname="net.eisele.security.util.SecurityStoreTest" name="getSaltForUser" time="0"/>
  <testcase classname="net.eisele.security.util.SecurityStoreTest" name="validateFalseUser" time="0"/>
</testsuite>